<?xml version="1.0" encoding="UTF-8"?>
<!-- Generated by org.testng.reporters.JUnitReportReporter -->
<testsuite hostname="JUNAID-LTP" failures="0" tests="2" name="com.neracloud.testcases.VerifyDocument" time="180.602" errors="0" timestamp="2022-12-09T10:44:37 PKT" skipped="0">
  <testcase classname="com.neracloud.testcases.VerifyDocument" name="TC001_VerifyPermanentAgreementSections" time="91.810"/>
  <system-out/>
  <testcase classname="com.neracloud.testcases.VerifyDocument" name="TC002_VerifyPermanentExtraAgreementSections" time="88.792"/>
  <system-out/>
</testsuite> <!-- com.neracloud.testcases.VerifyDocument -->
