<?xml version="1.0" encoding="UTF-8"?>
<!-- Generated by org.testng.reporters.JUnitReportReporter -->
<testsuite hostname="JUNAID-LTP" failures="0" tests="1" name="com.neracloud.testcases.TemporaryClass" time="63.496" errors="0" timestamp="2023-01-05T16:36:30 PKT" skipped="0">
  <testcase classname="com.neracloud.testcases.TemporaryClass" name="TC003_VerifyResidentialDetailsFirstNameMiddleNameAndLastNameFromStep1" time="63.496"/>
  <system-out/>
</testsuite> <!-- com.neracloud.testcases.TemporaryClass -->
