<?xml version="1.0" encoding="UTF-8"?>
<!-- Generated by org.testng.reporters.JUnitReportReporter -->
<testsuite hostname="JUNAID-LTP" failures="0" tests="4" name="com.neracloud.testcases.VerifyDocument" time="499.465" errors="0" timestamp="2022-12-15T10:35:38 PKT" skipped="0">
  <testcase classname="com.neracloud.testcases.VerifyDocument" name="TC004_VerifyRespiteExtraAgreementSections" time="121.399"/>
  <system-out/>
  <testcase classname="com.neracloud.testcases.VerifyDocument" name="TC001_VerifyPermanentAgreementSections" time="125.431"/>
  <system-out/>
  <testcase classname="com.neracloud.testcases.VerifyDocument" name="TC003_VerifyRespiteAgreementSections" time="122.489"/>
  <system-out/>
  <testcase classname="com.neracloud.testcases.VerifyDocument" name="TC002_VerifyPermanentExtraAgreementSections" time="130.146"/>
  <system-out/>
</testsuite> <!-- com.neracloud.testcases.VerifyDocument -->
