<?xml version="1.0" encoding="UTF-8"?>
<!-- Generated by org.testng.reporters.JUnitReportReporter -->
<testsuite hostname="JUNAID-LTP" failures="0" tests="1" name="com.neracloud.pages.VerifyTitle" time="23.674" errors="0" timestamp="2022-11-08T10:41:07 PKT" skipped="0">
  <testcase classname="com.neracloud.pages.VerifyTitle" name="verifypageTitle" time="23.674"/>
  <system-out/>
</testsuite> <!-- com.neracloud.pages.VerifyTitle -->
