<?xml version="1.0" encoding="UTF-8"?>
<!-- Generated by org.testng.reporters.JUnitReportReporter -->
<testsuite hostname="JUNAID-LTP" failures="0" tests="1" name="com.neracloud.testcases.VerifyAgreement" time="96.732" errors="0" timestamp="2022-12-14T11:05:04 PKT" skipped="0">
  <testcase classname="com.neracloud.testcases.VerifyAgreement" name="TC001_VerifyPermanentAgreementSections" time="96.732"/>
  <system-out/>
</testsuite> <!-- com.neracloud.testcases.VerifyAgreement -->
