<?xml version="1.0" encoding="UTF-8"?>
<!-- Generated by org.testng.reporters.JUnitReportReporter -->
<testsuite hostname="JUNAID-LTP" failures="0" tests="4" name="com.neracloud.testcases.VerifyAgreement" time="404.479" errors="0" timestamp="2023-01-05T10:40:44 PKT" skipped="0">
  <testcase classname="com.neracloud.testcases.VerifyAgreement" name="TC002_VerifyPermanentExtraAgreementSections" time="100.000"/>
  <system-out/>
  <testcase classname="com.neracloud.testcases.VerifyAgreement" name="TC001_VerifyPermanentAgreementSections" time="106.279"/>
  <system-out/>
  <testcase classname="com.neracloud.testcases.VerifyAgreement" name="TC003_VerifyRespiteAgreementSections" time="99.133"/>
  <system-out/>
  <testcase classname="com.neracloud.testcases.VerifyAgreement" name="TC004_VerifyRespiteExtraAgreementSections" time="99.067"/>
  <system-out/>
</testsuite> <!-- com.neracloud.testcases.VerifyAgreement -->
