<?xml version="1.0" encoding="UTF-8"?>
<!-- Generated by org.testng.reporters.JUnitReportReporter -->
<testsuite hostname="JUNAID-LTP" failures="0" tests="1" name="com.neracloud.testcases.VerifyAgreement" time="133.437" errors="0" timestamp="2022-12-13T19:15:33 PKT" skipped="0">
  <testcase classname="com.neracloud.testcases.VerifyAgreement" name="TC001_VerifyPermanentAgreementSections" time="133.437"/>
  <system-out/>
</testsuite> <!-- com.neracloud.testcases.VerifyAgreement -->
