<?xml version="1.0" encoding="UTF-8"?>
<!-- Generated by org.testng.reporters.JUnitReportReporter -->
<testsuite hostname="JUNAID-LTP" failures="0" tests="3" name="com.neracloud.testcases.VerifyUserCreation" time="235.114" errors="0" timestamp="2023-01-02T17:36:03 PKT" skipped="0">
  <testcase classname="com.neracloud.testcases.VerifyUserCreation" name="TC001_VerifyInquiryCreationOfTypePermanent" time="105.289"/>
  <system-out/>
  <testcase classname="com.neracloud.testcases.VerifyUserCreation" name="TC002_VerifyAddRepresentativeIntoAlreadyCreatedInquiry" time="86.574"/>
  <system-out/>
  <testcase classname="com.neracloud.testcases.VerifyUserCreation" name="TC003_VerifyDeleteInquiryAfterCreation" time="43.251"/>
  <system-out/>
</testsuite> <!-- com.neracloud.testcases.VerifyUserCreation -->
