<?xml version="1.0" encoding="UTF-8"?>
<!-- Generated by org.testng.reporters.JUnitReportReporter -->
<testsuite hostname="JUNAID-LTP" failures="0" tests="2" name="com.neracloud.testcases.LearningTest" time="24.429" errors="0" timestamp="2022-12-31T23:44:56 PKT" skipped="0">
  <testcase classname="com.neracloud.testcases.LearningTest" name="loginAndVerifyOtherMenuOptions" time="0.004"/>
  <system-out/>
  <testcase classname="com.neracloud.testcases.LearningTest" name="loginAndVerifyMainMenuOption" time="24.425"/>
  <system-out/>
</testsuite> <!-- com.neracloud.testcases.LearningTest -->
