<?xml version="1.0" encoding="UTF-8"?>
<!-- Generated by org.testng.reporters.JUnitReportReporter -->
<testsuite hostname="JUNAID-LTP" failures="0" tests="1" name="com.neracloud.testcases.VerifyUserCreation" time="68.613" errors="0" timestamp="2022-12-28T10:11:52 PKT" skipped="0">
  <testcase classname="com.neracloud.testcases.VerifyUserCreation" name="TC001_VerifyInquiryCreationOfTypePermanent" time="68.613"/>
  <system-out/>
</testsuite> <!-- com.neracloud.testcases.VerifyUserCreation -->
