<?xml version="1.0" encoding="UTF-8"?>
<!-- Generated by org.testng.reporters.JUnitReportReporter -->
<testsuite hostname="JUNAID-LTP" failures="0" tests="5" name="com.neracloud.testcases.VerifyUserCreation" time="234.205" errors="0" timestamp="2023-01-05T14:00:46 PKT" skipped="0">
  <testcase classname="com.neracloud.testcases.VerifyUserCreation" name="TC001_VerifyInquiryCreationOfTypePermanent" time="65.144"/>
  <system-out/>
  <testcase classname="com.neracloud.testcases.VerifyUserCreation" name="TC002_VerifyAddRepresentativeIntoAlreadyCreatedInquiry" time="54.764"/>
  <system-out/>
  <testcase classname="com.neracloud.testcases.VerifyUserCreation" name="TC003_VerifyResidentialDetailsFirstNameMiddleNameAndLastNameFromStep1" time="38.388"/>
  <system-out/>
  <testcase classname="com.neracloud.testcases.VerifyUserCreation" name="TC004_VerifyResidentialDetailsMaritalStatusPrefLanguageAndReligionFromStep1" time="51.475"/>
  <system-out/>
  <testcase classname="com.neracloud.testcases.VerifyUserCreation" name="TC005_VerifyDeleteInquiryAfterCreation" time="24.434"/>
  <system-out/>
</testsuite> <!-- com.neracloud.testcases.VerifyUserCreation -->
