<?xml version="1.0" encoding="UTF-8"?>
<!-- Generated by org.testng.reporters.JUnitReportReporter -->
<testsuite hostname="JUNAID-LTP" failures="0" tests="5" name="com.neracloud.testcases.VerifyUserCreation" time="232.526" errors="0" timestamp="2023-01-06T11:17:10 PKT" skipped="0">
  <testcase classname="com.neracloud.testcases.VerifyUserCreation" name="TC002_VerifyAddRepresentativeIntoAlreadyCreatedInquiry" time="55.211"/>
  <system-out/>
  <testcase classname="com.neracloud.testcases.VerifyUserCreation" name="TC005_VerifyDeleteInquiryAfterCreation" time="24.581"/>
  <system-out/>
  <testcase classname="com.neracloud.testcases.VerifyUserCreation" name="TC003_VerifyResidentialDetailsFirstNameMiddleNameAndLastNameFromStep1" time="38.579"/>
  <system-out/>
  <testcase classname="com.neracloud.testcases.VerifyUserCreation" name="TC004_VerifyResidentialDetailsMaritalStatusPrefLanguageAndReligionFromStep1" time="44.845"/>
  <system-out/>
  <testcase classname="com.neracloud.testcases.VerifyUserCreation" name="TC001_VerifyInquiryCreationOfTypePermanent" time="69.310"/>
  <system-out/>
</testsuite> <!-- com.neracloud.testcases.VerifyUserCreation -->
