<?xml version="1.0" encoding="UTF-8"?>
<!-- Generated by org.testng.reporters.JUnitReportReporter -->
<testsuite hostname="JUNAID-LTP" failures="0" tests="1" name="pages.TestABC" time="15.701" errors="0" timestamp="2022-11-08T10:08:41 PKT" skipped="0">
  <testcase classname="pages.TestABC" name="test" time="15.701"/>
  <system-out/>
</testsuite> <!-- pages.TestABC -->
