<?xml version="1.0" encoding="UTF-8"?>
<!-- Generated by org.testng.reporters.JUnitReportReporter -->
<testsuite hostname="JUNAID-LTP" failures="0" tests="6" name="com.neracloud.testcases.MultipleLoginTest" time="80.890" errors="0" timestamp="2022-11-18T10:57:35 PKT" skipped="0">
  <testcase classname="com.neracloud.testcases.MultipleLoginTest" name="TC001_Login_verifyMultipleLogin" time="19.376"/>
  <system-out/>
  <testcase classname="com.neracloud.testcases.MultipleLoginTest" name="TC001_Login_verifyMultipleLogin" time="8.392"/>
  <system-out/>
  <testcase classname="com.neracloud.testcases.MultipleLoginTest" name="TC001_Login_verifyMultipleLogin" time="8.412"/>
  <system-out/>
  <testcase classname="com.neracloud.testcases.MultipleLoginTest" name="TC001_Login_verifyMultipleLogin" time="16.702"/>
  <system-out/>
  <testcase classname="com.neracloud.testcases.MultipleLoginTest" name="TC001_Login_verifyMultipleLogin" time="16.907"/>
  <system-out/>
  <testcase classname="com.neracloud.testcases.MultipleLoginTest" name="TC001_Login_verifyMultipleLogin" time="11.101"/>
  <system-out/>
</testsuite> <!-- com.neracloud.testcases.MultipleLoginTest -->
